c:\users\kzhao\documents\projects\codeeditor\codeeditor\x64\release\vc143.pdb
c:\users\kzhao\documents\projects\codeeditor\codeeditor\x64\release\my_frame.obj
c:\users\kzhao\documents\projects\codeeditor\codeeditor\x64\release\my_app.obj
c:\users\kzhao\documents\projects\codeeditor\codeeditor\x64\release\main.obj
c:\users\kzhao\documents\projects\codeeditor\codeeditor\x64\release\tree_data.obj
c:\users\kzhao\documents\projects\codeeditor\codeeditor\x64\release\dir_traverser.obj
c:\users\kzhao\documents\projects\codeeditor\codeeditor\x64\release\custom_status_bar.obj
c:\users\kzhao\documents\projects\codeeditor\codeeditor\x64\release\custom_text.obj
c:\users\kzhao\documents\projects\codeeditor\x64\release\codeeditor.exe
c:\users\kzhao\documents\projects\codeeditor\x64\release\codeeditor.pdb
c:\users\kzhao\documents\projects\codeeditor\codeeditor\x64\release\codeeditor.ipdb
c:\users\kzhao\documents\projects\codeeditor\codeeditor\x64\release\codeeditor.iobj
c:\users\kzhao\documents\projects\codeeditor\codeeditor\x64\release\codeeditor.tlog\cl.command.1.tlog
c:\users\kzhao\documents\projects\codeeditor\codeeditor\x64\release\codeeditor.tlog\cl.items.tlog
c:\users\kzhao\documents\projects\codeeditor\codeeditor\x64\release\codeeditor.tlog\cl.read.1.tlog
c:\users\kzhao\documents\projects\codeeditor\codeeditor\x64\release\codeeditor.tlog\cl.write.1.tlog
c:\users\kzhao\documents\projects\codeeditor\codeeditor\x64\release\codeeditor.tlog\link.command.1.tlog
c:\users\kzhao\documents\projects\codeeditor\codeeditor\x64\release\codeeditor.tlog\link.read.1.tlog
c:\users\kzhao\documents\projects\codeeditor\codeeditor\x64\release\codeeditor.tlog\link.secondary.1.tlog
c:\users\kzhao\documents\projects\codeeditor\codeeditor\x64\release\codeeditor.tlog\link.write.1.tlog
