c:\users\kzhao\documents\projects\codeeditor\codeeditor\x64\debug\vc143.pdb
c:\users\kzhao\documents\projects\codeeditor\codeeditor\x64\debug\vc143.idb
c:\users\kzhao\documents\projects\codeeditor\codeeditor\x64\debug\tree_data.obj
c:\users\kzhao\documents\projects\codeeditor\codeeditor\x64\debug\my_frame.obj
c:\users\kzhao\documents\projects\codeeditor\codeeditor\x64\debug\my_app.obj
c:\users\kzhao\documents\projects\codeeditor\codeeditor\x64\debug\main.obj
c:\users\kzhao\documents\projects\codeeditor\codeeditor\x64\debug\dir_traverser.obj
c:\users\kzhao\documents\projects\codeeditor\codeeditor\x64\debug\custom_text.obj
c:\users\kzhao\documents\projects\codeeditor\codeeditor\x64\debug\custom_status_bar.obj
c:\users\kzhao\documents\projects\codeeditor\x64\debug\codeeditor.exe
c:\users\kzhao\documents\projects\codeeditor\x64\debug\codeeditor.pdb
c:\users\kzhao\documents\projects\codeeditor\codeeditor\x64\debug\codeeditor.ilk
c:\users\kzhao\documents\projects\codeeditor\codeeditor\x64\debug\codeeditor.tlog\cl.command.1.tlog
c:\users\kzhao\documents\projects\codeeditor\codeeditor\x64\debug\codeeditor.tlog\cl.items.tlog
c:\users\kzhao\documents\projects\codeeditor\codeeditor\x64\debug\codeeditor.tlog\cl.read.1.tlog
c:\users\kzhao\documents\projects\codeeditor\codeeditor\x64\debug\codeeditor.tlog\cl.write.1.tlog
c:\users\kzhao\documents\projects\codeeditor\codeeditor\x64\debug\codeeditor.tlog\link.command.1.tlog
c:\users\kzhao\documents\projects\codeeditor\codeeditor\x64\debug\codeeditor.tlog\link.read.1.tlog
c:\users\kzhao\documents\projects\codeeditor\codeeditor\x64\debug\codeeditor.tlog\link.secondary.1.tlog
c:\users\kzhao\documents\projects\codeeditor\codeeditor\x64\debug\codeeditor.tlog\link.write.1.tlog
